-------------------------------------------------------------------------------
Test set: com.homesoft.springboot.nba_springboot.controller.ScheduleControllerTest
-------------------------------------------------------------------------------
Tests run: 1, Failures: 0, Errors: 1, Skipped: 0, Time elapsed: 0.366 s <<< FAILURE! - in com.homesoft.springboot.nba_springboot.controller.ScheduleControllerTest
showSchedule_ShouldRenderSchedulePage(com.homesoft.springboot.nba_springboot.controller.ScheduleControllerTest)  Time elapsed: 0.002 s  <<< ERROR!
java.lang.IllegalStateException: Failed to load ApplicationContext
Caused by: org.springframework.beans.factory.UnsatisfiedDependencyException: Error creating bean with name 'scheduleController': Unsatisfied dependency expressed through field 'playoffService'; nested exception is org.springframework.beans.factory.NoSuchBeanDefinitionException: No qualifying bean of type 'com.homesoft.springboot.nba_springboot.service.PlayoffService' available: expected at least 1 bean which qualifies as autowire candidate. Dependency annotations: {@org.springframework.beans.factory.annotation.Autowired(required=true)}
Caused by: org.springframework.beans.factory.NoSuchBeanDefinitionException: No qualifying bean of type 'com.homesoft.springboot.nba_springboot.service.PlayoffService' available: expected at least 1 bean which qualifies as autowire candidate. Dependency annotations: {@org.springframework.beans.factory.annotation.Autowired(required=true)}

